<?xml version="1.0" encoding="UTF-8"?>
<!-- Generated by org.testng.reporters.JUnitReportReporter -->
<testsuite hostname="SUDHIR-PC" failures="4" tests="4" name="Runner.Facebookruneer" time="303.716" errors="0" timestamp="2022-07-09T11:57:33 IST" skipped="0">
  <testcase classname="Runner.Facebookruneer" name="runScenario" time="36.068">
    <failure message="Test case Pass expected [Log in to Facebook] but found [Facebook]" type="java.lang.AssertionError">
      <![CDATA[java.lang.AssertionError: Test case Pass expected [Log in to Facebook] but found [Facebook]
at org.testng.Assert.fail(Assert.java:97)
at org.testng.Assert.assertEqualsImpl(Assert.java:136)
at org.testng.Assert.assertEquals(Assert.java:118)
at org.testng.Assert.assertEquals(Assert.java:575)
at stepDefination.Facebookloginsetpdefinition.user_enter_the_home_page(Facebookloginsetpdefinition.java:52)
at ✽.User enter the Home Page(file:///C:/Users/SUDHIR/eclipse-workspace/Cucumber.Autmation/./Features/Facebooklogin.feature:31)
]]>
    </failure>
  </testcase> <!-- runScenario -->
  <system-out/>
  <testcase classname="Runner.Facebookruneer" name="runScenario" time="34.623">
    <failure message="Test case Pass expected [Log in to Facebook] but found [Facebook]" type="java.lang.AssertionError">
      <![CDATA[java.lang.AssertionError: Test case Pass expected [Log in to Facebook] but found [Facebook]
at org.testng.Assert.fail(Assert.java:97)
at org.testng.Assert.assertEqualsImpl(Assert.java:136)
at org.testng.Assert.assertEquals(Assert.java:118)
at org.testng.Assert.assertEquals(Assert.java:575)
at stepDefination.Facebookloginsetpdefinition.user_enter_the_home_page(Facebookloginsetpdefinition.java:52)
at ✽.User enter the Home Page(file:///C:/Users/SUDHIR/eclipse-workspace/Cucumber.Autmation/./Features/Facebooklogin.feature:38)
]]>
    </failure>
  </testcase> <!-- runScenario -->
  <system-out/>
  <testcase classname="Runner.Facebookruneer" name="runScenario" time="76.668">
    <failure message="Test case Pass expected [Facebook – log in or sign up] but found [Facebook]" type="java.lang.AssertionError">
      <![CDATA[java.lang.AssertionError: Test case Pass expected [Facebook – log in or sign up] but found [Facebook]
at org.testng.Assert.fail(Assert.java:97)
at org.testng.Assert.assertEqualsImpl(Assert.java:136)
at org.testng.Assert.assertEquals(Assert.java:118)
at org.testng.Assert.assertEquals(Assert.java:575)
at stepDefination.Facebookloginsetpdefinition.user_enter_the_home_page(Facebookloginsetpdefinition.java:52)
at ✽.User enter the Home Page(file:///C:/Users/SUDHIR/eclipse-workspace/Cucumber.Autmation/./Features/Facebooklogin.feature:45)
]]>
    </failure>
  </testcase> <!-- runScenario -->
  <system-out/>
  <testcase classname="Runner.Facebookruneer" name="runScenario" time="156.357">
    <failure message="Test case Pass expected [Facebook – log in or sign up] but found [Facebook]" type="java.lang.AssertionError">
      <![CDATA[java.lang.AssertionError: Test case Pass expected [Facebook – log in or sign up] but found [Facebook]
at org.testng.Assert.fail(Assert.java:97)
at org.testng.Assert.assertEqualsImpl(Assert.java:136)
at org.testng.Assert.assertEquals(Assert.java:118)
at org.testng.Assert.assertEquals(Assert.java:575)
at stepDefination.Facebookloginsetpdefinition.user_enter_the_home_page(Facebookloginsetpdefinition.java:52)
at ✽.User enter the Home Page(file:///C:/Users/SUDHIR/eclipse-workspace/Cucumber.Autmation/./Features/Facebooklogin.feature:52)
]]>
    </failure>
  </testcase> <!-- runScenario -->
  <system-out/>
</testsuite> <!-- Runner.Facebookruneer -->
