<?xml version="1.0" encoding="UTF-8"?>
<!-- Generated by org.testng.reporters.JUnitXMLReporter -->
<testsuite ignored="0" hostname="SUDHIR-PC" failures="4" tests="4" name="Default test" time="307.023" errors="0" timestamp="2022-07-09T11:57:32 IST">
  <testcase classname="io.cucumber.testng.AbstractTestNGCucumberTests" name="runScenario" time="36.068">
    <failure type="java.lang.AssertionError" message="Test case Pass expected [Log in to Facebook] but found [Facebook]">
      <![CDATA[java.lang.AssertionError: Test case Pass expected [Log in to Facebook] but found [Facebook]
at org.testng.Assert.fail(Assert.java:97)
at org.testng.Assert.assertEqualsImpl(Assert.java:136)
at org.testng.Assert.assertEquals(Assert.java:118)
at org.testng.Assert.assertEquals(Assert.java:575)
at stepDefination.Facebookloginsetpdefinition.user_enter_the_home_page(Facebookloginsetpdefinition.java:52)
at ✽.User enter the Home Page(file:///C:/Users/SUDHIR/eclipse-workspace/Cucumber.Autmation/./Features/Facebooklogin.feature:31)
]]>
    </failure>
  </testcase> <!-- runScenario -->
  <testcase classname="io.cucumber.testng.AbstractTestNGCucumberTests" name="runScenario" time="34.623">
    <failure type="java.lang.AssertionError" message="Test case Pass expected [Log in to Facebook] but found [Facebook]">
      <![CDATA[java.lang.AssertionError: Test case Pass expected [Log in to Facebook] but found [Facebook]
at org.testng.Assert.fail(Assert.java:97)
at org.testng.Assert.assertEqualsImpl(Assert.java:136)
at org.testng.Assert.assertEquals(Assert.java:118)
at org.testng.Assert.assertEquals(Assert.java:575)
at stepDefination.Facebookloginsetpdefinition.user_enter_the_home_page(Facebookloginsetpdefinition.java:52)
at ✽.User enter the Home Page(file:///C:/Users/SUDHIR/eclipse-workspace/Cucumber.Autmation/./Features/Facebooklogin.feature:38)
]]>
    </failure>
  </testcase> <!-- runScenario -->
  <testcase classname="io.cucumber.testng.AbstractTestNGCucumberTests" name="runScenario" time="76.668">
    <failure type="java.lang.AssertionError" message="Test case Pass expected [Facebook – log in or sign up] but found [Facebook]">
      <![CDATA[java.lang.AssertionError: Test case Pass expected [Facebook – log in or sign up] but found [Facebook]
at org.testng.Assert.fail(Assert.java:97)
at org.testng.Assert.assertEqualsImpl(Assert.java:136)
at org.testng.Assert.assertEquals(Assert.java:118)
at org.testng.Assert.assertEquals(Assert.java:575)
at stepDefination.Facebookloginsetpdefinition.user_enter_the_home_page(Facebookloginsetpdefinition.java:52)
at ✽.User enter the Home Page(file:///C:/Users/SUDHIR/eclipse-workspace/Cucumber.Autmation/./Features/Facebooklogin.feature:45)
]]>
    </failure>
  </testcase> <!-- runScenario -->
  <testcase classname="io.cucumber.testng.AbstractTestNGCucumberTests" name="runScenario" time="156.357">
    <failure type="java.lang.AssertionError" message="Test case Pass expected [Facebook – log in or sign up] but found [Facebook]">
      <![CDATA[java.lang.AssertionError: Test case Pass expected [Facebook – log in or sign up] but found [Facebook]
at org.testng.Assert.fail(Assert.java:97)
at org.testng.Assert.assertEqualsImpl(Assert.java:136)
at org.testng.Assert.assertEquals(Assert.java:118)
at org.testng.Assert.assertEquals(Assert.java:575)
at stepDefination.Facebookloginsetpdefinition.user_enter_the_home_page(Facebookloginsetpdefinition.java:52)
at ✽.User enter the Home Page(file:///C:/Users/SUDHIR/eclipse-workspace/Cucumber.Autmation/./Features/Facebooklogin.feature:52)
]]>
    </failure>
  </testcase> <!-- runScenario -->
</testsuite> <!-- Default test -->
