<?xml version="1.0" encoding="UTF-8"?>
<testng-results ignored="0" total="4" passed="0" failed="4" skipped="0">
  <reporter-output>
  </reporter-output>
  <suite started-at="2022-07-09T11:52:23 IST" name="Default suite" finished-at="2022-07-09T11:57:30 IST" duration-ms="307023">
    <groups>
      <group name="cucumber">
        <method signature="AbstractTestNGCucumberTests.runScenario(io.cucumber.testng.PickleWrapper, io.cucumber.testng.FeatureWrapper)[pri:0, instance:Runner.Facebookruneer@7133da86]" name="runScenario" class="io.cucumber.testng.AbstractTestNGCucumberTests"/>
      </group> <!-- cucumber -->
    </groups>
    <test started-at="2022-07-09T11:52:23 IST" name="Default test" finished-at="2022-07-09T11:57:30 IST" duration-ms="307023">
      <class name="Runner.Facebookruneer">
        <test-method is-config="true" signature="setUpClass()[pri:0, instance:Runner.Facebookruneer@7133da86]" started-at="2022-07-09T11:52:23 IST" name="setUpClass" finished-at="2022-07-09T11:52:25 IST" duration-ms="2016" status="PASS">
          <reporter-output>
          </reporter-output>
        </test-method> <!-- setUpClass -->
        <test-method signature="runScenario(io.cucumber.testng.PickleWrapper, io.cucumber.testng.FeatureWrapper)[pri:0, instance:Runner.Facebookruneer@7133da86]" started-at="2022-07-09T11:52:25 IST" name="runScenario" description="Runs Cucumber Scenarios" data-provider="scenarios" finished-at="2022-07-09T11:53:01 IST" duration-ms="36068" status="FAIL">
          <params>
            <param index="0">
              <value>
                <![CDATA["Test Facebook Loing Function with Valid UserName Invalid Password"]]>
              </value>
            </param>
            <param index="1">
              <value>
                <![CDATA["Optional[Test Facebook login]"]]>
              </value>
            </param>
          </params>
          <exception class="java.lang.AssertionError">
            <message>
              <![CDATA[Test case Pass expected [Log in to Facebook] but found [Facebook]]]>
            </message>
            <full-stacktrace>
              <![CDATA[java.lang.AssertionError: Test case Pass expected [Log in to Facebook] but found [Facebook]
at org.testng.Assert.fail(Assert.java:97)
at org.testng.Assert.assertEqualsImpl(Assert.java:136)
at org.testng.Assert.assertEquals(Assert.java:118)
at org.testng.Assert.assertEquals(Assert.java:575)
at stepDefination.Facebookloginsetpdefinition.user_enter_the_home_page(Facebookloginsetpdefinition.java:52)
at ✽.User enter the Home Page(file:///C:/Users/SUDHIR/eclipse-workspace/Cucumber.Autmation/./Features/Facebooklogin.feature:31)
]]>
            </full-stacktrace>
          </exception> <!-- java.lang.AssertionError -->
          <reporter-output>
          </reporter-output>
        </test-method> <!-- runScenario -->
        <test-method signature="runScenario(io.cucumber.testng.PickleWrapper, io.cucumber.testng.FeatureWrapper)[pri:0, instance:Runner.Facebookruneer@7133da86]" started-at="2022-07-09T11:53:01 IST" name="runScenario" description="Runs Cucumber Scenarios" data-provider="scenarios" finished-at="2022-07-09T11:53:36 IST" duration-ms="34623" status="FAIL">
          <params>
            <param index="0">
              <value>
                <![CDATA["Test Facebook Loing Function with InValid UserName valid Password"]]>
              </value>
            </param>
            <param index="1">
              <value>
                <![CDATA["Optional[Test Facebook login]"]]>
              </value>
            </param>
          </params>
          <exception class="java.lang.AssertionError">
            <message>
              <![CDATA[Test case Pass expected [Log in to Facebook] but found [Facebook]]]>
            </message>
            <full-stacktrace>
              <![CDATA[java.lang.AssertionError: Test case Pass expected [Log in to Facebook] but found [Facebook]
at org.testng.Assert.fail(Assert.java:97)
at org.testng.Assert.assertEqualsImpl(Assert.java:136)
at org.testng.Assert.assertEquals(Assert.java:118)
at org.testng.Assert.assertEquals(Assert.java:575)
at stepDefination.Facebookloginsetpdefinition.user_enter_the_home_page(Facebookloginsetpdefinition.java:52)
at ✽.User enter the Home Page(file:///C:/Users/SUDHIR/eclipse-workspace/Cucumber.Autmation/./Features/Facebooklogin.feature:38)
]]>
            </full-stacktrace>
          </exception> <!-- java.lang.AssertionError -->
          <reporter-output>
          </reporter-output>
        </test-method> <!-- runScenario -->
        <test-method signature="runScenario(io.cucumber.testng.PickleWrapper, io.cucumber.testng.FeatureWrapper)[pri:0, instance:Runner.Facebookruneer@7133da86]" started-at="2022-07-09T11:53:36 IST" name="runScenario" description="Runs Cucumber Scenarios" data-provider="scenarios" finished-at="2022-07-09T11:54:52 IST" duration-ms="76668" status="FAIL">
          <params>
            <param index="0">
              <value>
                <![CDATA["Test Facebook Loing Function with InValid UserName Invalid Password"]]>
              </value>
            </param>
            <param index="1">
              <value>
                <![CDATA["Optional[Test Facebook login]"]]>
              </value>
            </param>
          </params>
          <exception class="java.lang.AssertionError">
            <message>
              <![CDATA[Test case Pass expected [Facebook – log in or sign up] but found [Facebook]]]>
            </message>
            <full-stacktrace>
              <![CDATA[java.lang.AssertionError: Test case Pass expected [Facebook – log in or sign up] but found [Facebook]
at org.testng.Assert.fail(Assert.java:97)
at org.testng.Assert.assertEqualsImpl(Assert.java:136)
at org.testng.Assert.assertEquals(Assert.java:118)
at org.testng.Assert.assertEquals(Assert.java:575)
at stepDefination.Facebookloginsetpdefinition.user_enter_the_home_page(Facebookloginsetpdefinition.java:52)
at ✽.User enter the Home Page(file:///C:/Users/SUDHIR/eclipse-workspace/Cucumber.Autmation/./Features/Facebooklogin.feature:45)
]]>
            </full-stacktrace>
          </exception> <!-- java.lang.AssertionError -->
          <reporter-output>
          </reporter-output>
        </test-method> <!-- runScenario -->
        <test-method signature="runScenario(io.cucumber.testng.PickleWrapper, io.cucumber.testng.FeatureWrapper)[pri:0, instance:Runner.Facebookruneer@7133da86]" started-at="2022-07-09T11:54:52 IST" name="runScenario" description="Runs Cucumber Scenarios" data-provider="scenarios" finished-at="2022-07-09T11:57:29 IST" duration-ms="156357" status="FAIL">
          <params>
            <param index="0">
              <value>
                <![CDATA["Test Facebook Loing Function with Valid UserName valid Password"]]>
              </value>
            </param>
            <param index="1">
              <value>
                <![CDATA["Optional[Test Facebook login]"]]>
              </value>
            </param>
          </params>
          <exception class="java.lang.AssertionError">
            <message>
              <![CDATA[Test case Pass expected [Facebook – log in or sign up] but found [Facebook]]]>
            </message>
            <full-stacktrace>
              <![CDATA[java.lang.AssertionError: Test case Pass expected [Facebook – log in or sign up] but found [Facebook]
at org.testng.Assert.fail(Assert.java:97)
at org.testng.Assert.assertEqualsImpl(Assert.java:136)
at org.testng.Assert.assertEquals(Assert.java:118)
at org.testng.Assert.assertEquals(Assert.java:575)
at stepDefination.Facebookloginsetpdefinition.user_enter_the_home_page(Facebookloginsetpdefinition.java:52)
at ✽.User enter the Home Page(file:///C:/Users/SUDHIR/eclipse-workspace/Cucumber.Autmation/./Features/Facebooklogin.feature:52)
]]>
            </full-stacktrace>
          </exception> <!-- java.lang.AssertionError -->
          <reporter-output>
          </reporter-output>
        </test-method> <!-- runScenario -->
        <test-method is-config="true" signature="tearDownClass()[pri:0, instance:Runner.Facebookruneer@7133da86]" started-at="2022-07-09T11:57:29 IST" name="tearDownClass" finished-at="2022-07-09T11:57:30 IST" duration-ms="1172" status="PASS">
          <reporter-output>
          </reporter-output>
        </test-method> <!-- tearDownClass -->
      </class> <!-- Runner.Facebookruneer -->
    </test> <!-- Default test -->
  </suite> <!-- Default suite -->
</testng-results>
